<?xml version="1.0" encoding="UTF-8"?>
<testng-results ignored="0" total="1" passed="1" failed="0" skipped="0">
  <reporter-output>
  </reporter-output>
  <suite started-at="2021-05-19T20:28:18Z" name="Dollar Days" finished-at="2021-05-19T20:28:25Z" duration-ms="6472">
    <groups>
    </groups>
    <test started-at="2021-05-19T20:28:18Z" name="1st Test" finished-at="2021-05-19T20:28:25Z" duration-ms="6472">
      <class name="com.dd.test.HomepageTest">
        <test-method is-config="true" signature="initialize()[pri:0, instance:com.dd.test.HomepageTest@363ba634]" started-at="2021-05-19T20:28:18Z" name="initialize" finished-at="2021-05-19T20:28:21Z" duration-ms="2955" status="PASS">
          <reporter-output>
          </reporter-output>
        </test-method> <!-- initialize -->
        <test-method signature="verifyHomepageURL()[pri:0, instance:com.dd.test.HomepageTest@363ba634]" started-at="2021-05-19T20:28:22Z" name="verifyHomepageURL" finished-at="2021-05-19T20:28:25Z" duration-ms="2977" status="PASS">
          <reporter-output>
          </reporter-output>
        </test-method> <!-- verifyHomepageURL -->
        <test-method is-config="true" signature="closeAll()[pri:0, instance:com.dd.test.HomepageTest@363ba634]" started-at="2021-05-19T20:28:25Z" name="closeAll" finished-at="2021-05-19T20:28:25Z" duration-ms="119" status="PASS">
          <reporter-output>
          </reporter-output>
        </test-method> <!-- closeAll -->
      </class> <!-- com.dd.test.HomepageTest -->
    </test> <!-- 1st Test -->
  </suite> <!-- Dollar Days -->
</testng-results>
