<?xml version="1.0" encoding="UTF-8"?>
<testng-results skipped="0" failed="0" ignored="0" total="1" passed="1">
  <reporter-output>
  </reporter-output>
  <suite name="Default suite" duration-ms="8547" started-at="2021-05-16T06:13:16Z" finished-at="2021-05-16T06:13:25Z">
    <groups>
    </groups>
    <test name="Default test" duration-ms="8547" started-at="2021-05-16T06:13:16Z" finished-at="2021-05-16T06:13:25Z">
      <class name="com.dd.test.Homepage">
        <test-method status="PASS" signature="initialize()[pri:0, instance:com.dd.test.Homepage@ba54932]" name="initialize" is-config="true" duration-ms="5184" started-at="2021-05-16T06:13:16Z" finished-at="2021-05-16T06:13:21Z">
          <reporter-output>
          </reporter-output>
        </test-method> <!-- initialize -->
        <test-method status="PASS" signature="verifyHomepageURL()[pri:0, instance:com.dd.test.Homepage@ba54932]" name="verifyHomepageURL" duration-ms="2502" started-at="2021-05-16T06:13:21Z" finished-at="2021-05-16T06:13:24Z">
          <reporter-output>
          </reporter-output>
        </test-method> <!-- verifyHomepageURL -->
        <test-method status="PASS" signature="closeAll()[pri:0, instance:com.dd.test.Homepage@ba54932]" name="closeAll" is-config="true" duration-ms="725" started-at="2021-05-16T06:13:24Z" finished-at="2021-05-16T06:13:25Z">
          <reporter-output>
          </reporter-output>
        </test-method> <!-- closeAll -->
      </class> <!-- com.dd.test.Homepage -->
    </test> <!-- Default test -->
  </suite> <!-- Default suite -->
</testng-results>
